<?xml version="1.0" encoding="UTF-8" ?>
<testsuite tests="5" failures="0" name="com.craft.testing.CalculatorTest" time="0.004" errors="0" skipped="0">
  <properties>
[...]
</properties>
  <testcase classname="com.craft.testing.CalculatorTest" name="divisionTest" time="0.003"/>
  <testcase classname="com.craft.testing.CalculatorTest" name="modulusTest" time="0"/>
  <testcase classname="com.craft.testing.CalculatorTest" name="additionTest" time="0.001"/>
  <testcase classname="com.craft.testing.CalculatorTest" name="multiplicationTest" time="0"/>
  <testcase classname="com.craft.testing.CalculatorTest" name="subtractionTest" time="0"/>
</testsuite>